<?xml version="1.0" encoding="UTF-8"?>
<testsuites name="TCS01" time="26.033" tests="9" failures="0" errors="0">
   <testsuite name="TCS01" tests="9" failures="0" errors="0" time="26.033" skipped="0" timestamp="05-03-2024T12:14:50" hostname="Administrator - 10.53.16.156" id="Test Suites/TCS01">
      <properties>
         <property name="deviceName" value=""/>
         <property name="devicePlatform" value=""/>
         <property name="logFolder" value="C:\\Users\\Administrator\\Katalon Studio\\My First Web UI Project\\Reports\\25670305_121444\\TCS01\\25670305_121445"/>
         <property name="logFiles" value="C:\\Users\\Administrator\\Katalon Studio\\My First Web UI Project\\Reports\\25670305_121444\\TCS01\\25670305_121445\\execution0.log"/>
         <property name="attachments" value=""/>
         <property name="hostName" value="Administrator - 10.53.16.156"/>
         <property name="os" value="Windows 10 64bit"/>
         <property name="katalonVersion" value="9.3.1.212"/>
         <property name="browser" value="Chrome 118.0.0.0"/>
         <property name="hostAddress" value="10.53.16.156"/>
         <property name="sessionId" value="c5c7ee0f6c778a996ac36dd5a75143e2"/>
         <property name="seleniumVersion" value="3.141.59"/>
         <property name="proxyInformation" value="ProxyInformation { proxyOption=NO_PROXY, proxyServerType=HTTP, username=, password=********, proxyServerAddress=, proxyServerPort=0, executionList=&quot;&quot;, isApplyToDesiredCapabilities=true }"/>
         <property name="platform" value="Windows 10"/>
      </properties>
      <testcase name="Test Cases/TC01" time="3.636" classname="Test Cases/TC01" status="PASSED">
         <system-out><![CDATA[05-03-2024T12:14:51 - [TEST_CASE][PASSED] - Test Cases/TC01: Test Cases/TC01

05-03-2024T12:14:51 - [TEST_STEP][PASSED] - openBrowser(""): Browser is opened with url: ''

05-03-2024T12:14:51 - [MESSAGE][INFO] - Starting 'Chrome' driver

05-03-2024T12:14:51 - [MESSAGE][INFO] - Action delay is set to 0 milliseconds

05-03-2024T12:14:52 - [MESSAGE][PASSED] - Browser is opened with url: ''

05-03-2024T12:14:52 - [TEST_STEP][PASSED] - navigateToUrl("http://127.0.0.1/customer/form.html"): Navigate to 'http://127.0.0.1/customer/form.html' successfully

05-03-2024T12:14:52 - [MESSAGE][PASSED] - Navigate to 'http://127.0.0.1/customer/form.html' successfully

05-03-2024T12:14:52 - [TEST_STEP][PASSED] - setText(findTestObject("Object Repository/Page_Customer Detail Form/input_Customer Detail Form_first-name"), "johnjohn"): Text 'johnjohn' is set on object 'Object Repository/Page_Customer Detail Form/input_Customer Detail Form_first-name'

05-03-2024T12:14:53 - [MESSAGE][PASSED] - Text 'johnjohn' is set on object 'Object Repository/Page_Customer Detail Form/input_Customer Detail Form_first-name'

05-03-2024T12:14:53 - [TEST_STEP][PASSED] - setText(findTestObject("Object Repository/Page_Customer Detail Form/input_Customer Detail Form_last-name"), "canonc"): Text 'canonc' is set on object 'Object Repository/Page_Customer Detail Form/input_Customer Detail Form_last-name'

05-03-2024T12:14:53 - [MESSAGE][PASSED] - Text 'canonc' is set on object 'Object Repository/Page_Customer Detail Form/input_Customer Detail Form_last-name'

05-03-2024T12:14:53 - [TEST_STEP][PASSED] - setText(findTestObject("Object Repository/Page_Customer Detail Form/input_Customer Detail Form_age"), "2"): Text '2' is set on object 'Object Repository/Page_Customer Detail Form/input_Customer Detail Form_age'

05-03-2024T12:14:54 - [MESSAGE][PASSED] - Text '2' is set on object 'Object Repository/Page_Customer Detail Form/input_Customer Detail Form_age'

05-03-2024T12:14:54 - [TEST_STEP][PASSED] - click(findTestObject("Object Repository/Page_Customer Detail Form/input_Customer Detail Form_sub")): Object: 'Object Repository/Page_Customer Detail Form/input_Customer Detail Form_sub' is clicked on

05-03-2024T12:14:54 - [MESSAGE][PASSED] - Object: 'Object Repository/Page_Customer Detail Form/input_Customer Detail Form_sub' is clicked on

05-03-2024T12:14:54 - [TEST_STEP][PASSED] - closeBrowser(): Browser is closed

05-03-2024T12:14:54 - [MESSAGE][PASSED] - Browser is closed]]></system-out>
         <system-err><![CDATA[]]></system-err>
      </testcase>
      <testcase name="Test Cases/TC02" time="2.799" classname="Test Cases/TC02" status="PASSED">
         <system-out><![CDATA[05-03-2024T12:14:54 - [TEST_CASE][PASSED] - Test Cases/TC02: Test Cases/TC02

05-03-2024T12:14:54 - [TEST_STEP][PASSED] - openBrowser(""): Browser is opened with url: ''

05-03-2024T12:14:54 - [MESSAGE][INFO] - Starting 'Chrome' driver

05-03-2024T12:14:54 - [MESSAGE][INFO] - Action delay is set to 0 milliseconds

05-03-2024T12:14:55 - [MESSAGE][PASSED] - Browser is opened with url: ''

05-03-2024T12:14:55 - [TEST_STEP][PASSED] - navigateToUrl("http://127.0.0.1/customer/form.html"): Navigate to 'http://127.0.0.1/customer/form.html' successfully

05-03-2024T12:14:55 - [MESSAGE][PASSED] - Navigate to 'http://127.0.0.1/customer/form.html' successfully

05-03-2024T12:14:55 - [TEST_STEP][PASSED] - setText(findTestObject("Object Repository/Page_Customer Detail Form/input_Customer Detail Form_first-name"), "Johnj"): Text 'Johnj' is set on object 'Object Repository/Page_Customer Detail Form/input_Customer Detail Form_first-name'

05-03-2024T12:14:56 - [MESSAGE][PASSED] - Text 'Johnj' is set on object 'Object Repository/Page_Customer Detail Form/input_Customer Detail Form_first-name'

05-03-2024T12:14:56 - [TEST_STEP][PASSED] - setText(findTestObject("Object Repository/Page_Customer Detail Form/input_Customer Detail Form_last-name"), "canoncanoncano"): Text 'canoncanoncano' is set on object 'Object Repository/Page_Customer Detail Form/input_Customer Detail Form_last-name'

05-03-2024T12:14:56 - [MESSAGE][PASSED] - Text 'canoncanoncano' is set on object 'Object Repository/Page_Customer Detail Form/input_Customer Detail Form_last-name'

05-03-2024T12:14:56 - [TEST_STEP][PASSED] - setText(findTestObject("Object Repository/Page_Customer Detail Form/input_Customer Detail Form_age"), "149"): Text '149' is set on object 'Object Repository/Page_Customer Detail Form/input_Customer Detail Form_age'

05-03-2024T12:14:57 - [MESSAGE][PASSED] - Text '149' is set on object 'Object Repository/Page_Customer Detail Form/input_Customer Detail Form_age'

05-03-2024T12:14:57 - [TEST_STEP][PASSED] - click(findTestObject("Object Repository/Page_Customer Detail Form/input_Customer Detail Form_sub")): Object: 'Object Repository/Page_Customer Detail Form/input_Customer Detail Form_sub' is clicked on

05-03-2024T12:14:57 - [MESSAGE][PASSED] - Object: 'Object Repository/Page_Customer Detail Form/input_Customer Detail Form_sub' is clicked on

05-03-2024T12:14:57 - [TEST_STEP][PASSED] - closeBrowser(): Browser is closed

05-03-2024T12:14:57 - [MESSAGE][PASSED] - Browser is closed]]></system-out>
         <system-err><![CDATA[]]></system-err>
      </testcase>
      <testcase name="Test Cases/TC03" time="2.837" classname="Test Cases/TC03" status="PASSED">
         <system-out><![CDATA[05-03-2024T12:14:57 - [TEST_CASE][PASSED] - Test Cases/TC03: Test Cases/TC03

05-03-2024T12:14:57 - [TEST_STEP][PASSED] - openBrowser(""): Browser is opened with url: ''

05-03-2024T12:14:57 - [MESSAGE][INFO] - Starting 'Chrome' driver

05-03-2024T12:14:57 - [MESSAGE][INFO] - Action delay is set to 0 milliseconds

05-03-2024T12:14:58 - [MESSAGE][PASSED] - Browser is opened with url: ''

05-03-2024T12:14:58 - [TEST_STEP][PASSED] - navigateToUrl("http://127.0.0.1/customer/form.html"): Navigate to 'http://127.0.0.1/customer/form.html' successfully

05-03-2024T12:14:58 - [MESSAGE][PASSED] - Navigate to 'http://127.0.0.1/customer/form.html' successfully

05-03-2024T12:14:58 - [TEST_STEP][PASSED] - setText(findTestObject("Object Repository/Page_Customer Detail Form/input_Customer Detail Form_first-name"), "johnjohnjohnjo"): Text 'johnjohnjohnjo' is set on object 'Object Repository/Page_Customer Detail Form/input_Customer Detail Form_first-name'

05-03-2024T12:14:58 - [MESSAGE][PASSED] - Text 'johnjohnjohnjo' is set on object 'Object Repository/Page_Customer Detail Form/input_Customer Detail Form_first-name'

05-03-2024T12:14:58 - [TEST_STEP][PASSED] - setText(findTestObject("Object Repository/Page_Customer Detail Form/input_Customer Detail Form_last-name"), "canoncan"): Text 'canoncan' is set on object 'Object Repository/Page_Customer Detail Form/input_Customer Detail Form_last-name'

05-03-2024T12:14:59 - [MESSAGE][PASSED] - Text 'canoncan' is set on object 'Object Repository/Page_Customer Detail Form/input_Customer Detail Form_last-name'

05-03-2024T12:14:59 - [TEST_STEP][PASSED] - setText(findTestObject("Object Repository/Page_Customer Detail Form/input_Customer Detail Form_age"), "75"): Text '75' is set on object 'Object Repository/Page_Customer Detail Form/input_Customer Detail Form_age'

05-03-2024T12:14:59 - [MESSAGE][PASSED] - Text '75' is set on object 'Object Repository/Page_Customer Detail Form/input_Customer Detail Form_age'

05-03-2024T12:14:59 - [TEST_STEP][PASSED] - click(findTestObject("Object Repository/Page_Customer Detail Form/input_Customer Detail Form_sub")): Object: 'Object Repository/Page_Customer Detail Form/input_Customer Detail Form_sub' is clicked on

05-03-2024T12:15:00 - [MESSAGE][PASSED] - Object: 'Object Repository/Page_Customer Detail Form/input_Customer Detail Form_sub' is clicked on

05-03-2024T12:15:00 - [TEST_STEP][PASSED] - closeBrowser(): Browser is closed

05-03-2024T12:15:00 - [MESSAGE][PASSED] - Browser is closed]]></system-out>
         <system-err><![CDATA[]]></system-err>
      </testcase>
      <testcase name="Test Cases/TC04" time="2.737" classname="Test Cases/TC04" status="PASSED">
         <system-out><![CDATA[05-03-2024T12:15:00 - [TEST_CASE][PASSED] - Test Cases/TC04: Test Cases/TC04

05-03-2024T12:15:00 - [TEST_STEP][PASSED] - openBrowser(""): Browser is opened with url: ''

05-03-2024T12:15:00 - [MESSAGE][INFO] - Starting 'Chrome' driver

05-03-2024T12:15:00 - [MESSAGE][INFO] - Action delay is set to 0 milliseconds

05-03-2024T12:15:01 - [MESSAGE][PASSED] - Browser is opened with url: ''

05-03-2024T12:15:01 - [TEST_STEP][PASSED] - navigateToUrl("http://127.0.0.1/customer/form.html"): Navigate to 'http://127.0.0.1/customer/form.html' successfully

05-03-2024T12:15:01 - [MESSAGE][PASSED] - Navigate to 'http://127.0.0.1/customer/form.html' successfully

05-03-2024T12:15:01 - [TEST_STEP][PASSED] - setText(findTestObject("Object Repository/Page_Customer Detail Form/input_Customer Detail Form_first-name"), "johnjo"): Text 'johnjo' is set on object 'Object Repository/Page_Customer Detail Form/input_Customer Detail Form_first-name'

05-03-2024T12:15:01 - [MESSAGE][PASSED] - Text 'johnjo' is set on object 'Object Repository/Page_Customer Detail Form/input_Customer Detail Form_first-name'

05-03-2024T12:15:01 - [TEST_STEP][PASSED] - setText(findTestObject("Object Repository/Page_Customer Detail Form/input_Customer Detail Form_last-name"), "canoncanoncanon"): Text 'canoncanoncanon' is set on object 'Object Repository/Page_Customer Detail Form/input_Customer Detail Form_last-name'

05-03-2024T12:15:02 - [MESSAGE][PASSED] - Text 'canoncanoncanon' is set on object 'Object Repository/Page_Customer Detail Form/input_Customer Detail Form_last-name'

05-03-2024T12:15:02 - [TEST_STEP][PASSED] - setText(findTestObject("Object Repository/Page_Customer Detail Form/input_Customer Detail Form_age"), "150"): Text '150' is set on object 'Object Repository/Page_Customer Detail Form/input_Customer Detail Form_age'

05-03-2024T12:15:02 - [MESSAGE][PASSED] - Text '150' is set on object 'Object Repository/Page_Customer Detail Form/input_Customer Detail Form_age'

05-03-2024T12:15:02 - [TEST_STEP][PASSED] - click(findTestObject("Object Repository/Page_Customer Detail Form/input_Customer Detail Form_sub")): Object: 'Object Repository/Page_Customer Detail Form/input_Customer Detail Form_sub' is clicked on

05-03-2024T12:15:03 - [MESSAGE][PASSED] - Object: 'Object Repository/Page_Customer Detail Form/input_Customer Detail Form_sub' is clicked on

05-03-2024T12:15:03 - [TEST_STEP][PASSED] - closeBrowser(): Browser is closed

05-03-2024T12:15:03 - [MESSAGE][PASSED] - Browser is closed]]></system-out>
         <system-err><![CDATA[]]></system-err>
      </testcase>
      <testcase name="Test Cases/TC05" time="2.689" classname="Test Cases/TC05" status="PASSED">
         <system-out><![CDATA[05-03-2024T12:15:03 - [TEST_CASE][PASSED] - Test Cases/TC05: Test Cases/TC05

05-03-2024T12:15:03 - [TEST_STEP][PASSED] - openBrowser(""): Browser is opened with url: ''

05-03-2024T12:15:03 - [MESSAGE][INFO] - Starting 'Chrome' driver

05-03-2024T12:15:03 - [MESSAGE][INFO] - Action delay is set to 0 milliseconds

05-03-2024T12:15:03 - [MESSAGE][PASSED] - Browser is opened with url: ''

05-03-2024T12:15:03 - [TEST_STEP][PASSED] - navigateToUrl("http://127.0.0.1/customer/form.html"): Navigate to 'http://127.0.0.1/customer/form.html' successfully

05-03-2024T12:15:03 - [MESSAGE][PASSED] - Navigate to 'http://127.0.0.1/customer/form.html' successfully

05-03-2024T12:15:03 - [TEST_STEP][PASSED] - setText(findTestObject("Object Repository/Page_Customer Detail Form/input_Customer Detail Form_first-name"), "johnjohnjohnjoh"): Text 'johnjohnjohnjoh' is set on object 'Object Repository/Page_Customer Detail Form/input_Customer Detail Form_first-name'

05-03-2024T12:15:04 - [MESSAGE][PASSED] - Text 'johnjohnjohnjoh' is set on object 'Object Repository/Page_Customer Detail Form/input_Customer Detail Form_first-name'

05-03-2024T12:15:04 - [TEST_STEP][PASSED] - setText(findTestObject("Object Repository/Page_Customer Detail Form/input_Customer Detail Form_last-name"), "canoncan"): Text 'canoncan' is set on object 'Object Repository/Page_Customer Detail Form/input_Customer Detail Form_last-name'

05-03-2024T12:15:04 - [MESSAGE][PASSED] - Text 'canoncan' is set on object 'Object Repository/Page_Customer Detail Form/input_Customer Detail Form_last-name'

05-03-2024T12:15:04 - [TEST_STEP][PASSED] - setText(findTestObject("Object Repository/Page_Customer Detail Form/input_Customer Detail Form_age"), "75"): Text '75' is set on object 'Object Repository/Page_Customer Detail Form/input_Customer Detail Form_age'

05-03-2024T12:15:05 - [MESSAGE][PASSED] - Text '75' is set on object 'Object Repository/Page_Customer Detail Form/input_Customer Detail Form_age'

05-03-2024T12:15:05 - [TEST_STEP][PASSED] - click(findTestObject("Object Repository/Page_Customer Detail Form/input_Customer Detail Form_sub")): Object: 'Object Repository/Page_Customer Detail Form/input_Customer Detail Form_sub' is clicked on

05-03-2024T12:15:05 - [MESSAGE][PASSED] - Object: 'Object Repository/Page_Customer Detail Form/input_Customer Detail Form_sub' is clicked on

05-03-2024T12:15:05 - [TEST_STEP][PASSED] - closeBrowser(): Browser is closed

05-03-2024T12:15:05 - [MESSAGE][PASSED] - Browser is closed]]></system-out>
         <system-err><![CDATA[]]></system-err>
      </testcase>
      <testcase name="Test Cases/TC06" time="2.802" classname="Test Cases/TC06" status="PASSED">
         <system-out><![CDATA[05-03-2024T12:15:05 - [TEST_CASE][PASSED] - Test Cases/TC06: Test Cases/TC06

05-03-2024T12:15:05 - [TEST_STEP][PASSED] - openBrowser(""): Browser is opened with url: ''

05-03-2024T12:15:05 - [MESSAGE][INFO] - Starting 'Chrome' driver

05-03-2024T12:15:05 - [MESSAGE][INFO] - Action delay is set to 0 milliseconds

05-03-2024T12:15:06 - [MESSAGE][PASSED] - Browser is opened with url: ''

05-03-2024T12:15:06 - [TEST_STEP][PASSED] - navigateToUrl("http://127.0.0.1/customer/form.html"): Navigate to 'http://127.0.0.1/customer/form.html' successfully

05-03-2024T12:15:06 - [MESSAGE][PASSED] - Navigate to 'http://127.0.0.1/customer/form.html' successfully

05-03-2024T12:15:06 - [TEST_STEP][PASSED] - setText(findTestObject("Object Repository/Page_Customer Detail Form/input_Customer Detail Form_first-name"), "john"): Text 'john' is set on object 'Object Repository/Page_Customer Detail Form/input_Customer Detail Form_first-name'

05-03-2024T12:15:07 - [MESSAGE][PASSED] - Text 'john' is set on object 'Object Repository/Page_Customer Detail Form/input_Customer Detail Form_first-name'

05-03-2024T12:15:07 - [TEST_STEP][PASSED] - setText(findTestObject("Object Repository/Page_Customer Detail Form/input_Customer Detail Form_last-name"), "cannoncan"): Text 'cannoncan' is set on object 'Object Repository/Page_Customer Detail Form/input_Customer Detail Form_last-name'

05-03-2024T12:15:07 - [MESSAGE][PASSED] - Text 'cannoncan' is set on object 'Object Repository/Page_Customer Detail Form/input_Customer Detail Form_last-name'

05-03-2024T12:15:07 - [TEST_STEP][PASSED] - setText(findTestObject("Object Repository/Page_Customer Detail Form/input_Customer Detail Form_age"), "75"): Text '75' is set on object 'Object Repository/Page_Customer Detail Form/input_Customer Detail Form_age'

05-03-2024T12:15:08 - [MESSAGE][PASSED] - Text '75' is set on object 'Object Repository/Page_Customer Detail Form/input_Customer Detail Form_age'

05-03-2024T12:15:08 - [TEST_STEP][PASSED] - click(findTestObject("Object Repository/Page_Customer Detail Form/input_Customer Detail Form_sub")): Object: 'Object Repository/Page_Customer Detail Form/input_Customer Detail Form_sub' is clicked on

05-03-2024T12:15:08 - [MESSAGE][PASSED] - Object: 'Object Repository/Page_Customer Detail Form/input_Customer Detail Form_sub' is clicked on

05-03-2024T12:15:08 - [TEST_STEP][PASSED] - closeBrowser(): Browser is closed

05-03-2024T12:15:08 - [MESSAGE][PASSED] - Browser is closed]]></system-out>
         <system-err><![CDATA[]]></system-err>
      </testcase>
      <testcase name="Test Cases/TC08" time="2.827" classname="Test Cases/TC08" status="PASSED">
         <system-out><![CDATA[05-03-2024T12:15:08 - [TEST_CASE][PASSED] - Test Cases/TC08: Test Cases/TC08

05-03-2024T12:15:08 - [TEST_STEP][PASSED] - openBrowser(""): Browser is opened with url: ''

05-03-2024T12:15:08 - [MESSAGE][INFO] - Starting 'Chrome' driver

05-03-2024T12:15:08 - [MESSAGE][INFO] - Action delay is set to 0 milliseconds

05-03-2024T12:15:09 - [MESSAGE][PASSED] - Browser is opened with url: ''

05-03-2024T12:15:09 - [TEST_STEP][PASSED] - navigateToUrl("http://127.0.0.1/customer/form.html"): Navigate to 'http://127.0.0.1/customer/form.html' successfully

05-03-2024T12:15:09 - [MESSAGE][PASSED] - Navigate to 'http://127.0.0.1/customer/form.html' successfully

05-03-2024T12:15:09 - [TEST_STEP][PASSED] - setText(findTestObject("Object Repository/Page_Customer Detail Form/input_Customer Detail Form_first-name"), "johnjohn"): Text 'johnjohn' is set on object 'Object Repository/Page_Customer Detail Form/input_Customer Detail Form_first-name'

05-03-2024T12:15:09 - [MESSAGE][PASSED] - Text 'johnjohn' is set on object 'Object Repository/Page_Customer Detail Form/input_Customer Detail Form_first-name'

05-03-2024T12:15:09 - [TEST_STEP][PASSED] - setText(findTestObject("Object Repository/Page_Customer Detail Form/input_Customer Detail Form_last-name"), "cano"): Text 'cano' is set on object 'Object Repository/Page_Customer Detail Form/input_Customer Detail Form_last-name'

05-03-2024T12:15:10 - [MESSAGE][PASSED] - Text 'cano' is set on object 'Object Repository/Page_Customer Detail Form/input_Customer Detail Form_last-name'

05-03-2024T12:15:10 - [TEST_STEP][PASSED] - setText(findTestObject("Object Repository/Page_Customer Detail Form/input_Customer Detail Form_age"), "75"): Text '75' is set on object 'Object Repository/Page_Customer Detail Form/input_Customer Detail Form_age'

05-03-2024T12:15:11 - [MESSAGE][PASSED] - Text '75' is set on object 'Object Repository/Page_Customer Detail Form/input_Customer Detail Form_age'

05-03-2024T12:15:11 - [TEST_STEP][PASSED] - click(findTestObject("Object Repository/Page_Customer Detail Form/input_Customer Detail Form_sub")): Object: 'Object Repository/Page_Customer Detail Form/input_Customer Detail Form_sub' is clicked on

05-03-2024T12:15:11 - [MESSAGE][PASSED] - Object: 'Object Repository/Page_Customer Detail Form/input_Customer Detail Form_sub' is clicked on

05-03-2024T12:15:11 - [TEST_STEP][PASSED] - closeBrowser(): Browser is closed

05-03-2024T12:15:11 - [MESSAGE][PASSED] - Browser is closed]]></system-out>
         <system-err><![CDATA[]]></system-err>
      </testcase>
      <testcase name="Test Cases/TC10" time="2.789" classname="Test Cases/TC10" status="PASSED">
         <system-out><![CDATA[05-03-2024T12:15:11 - [TEST_CASE][PASSED] - Test Cases/TC10: Test Cases/TC10

05-03-2024T12:15:11 - [TEST_STEP][PASSED] - openBrowser(""): Browser is opened with url: ''

05-03-2024T12:15:11 - [MESSAGE][INFO] - Starting 'Chrome' driver

05-03-2024T12:15:11 - [MESSAGE][INFO] - Action delay is set to 0 milliseconds

05-03-2024T12:15:12 - [MESSAGE][PASSED] - Browser is opened with url: ''

05-03-2024T12:15:12 - [TEST_STEP][PASSED] - navigateToUrl("http://127.0.0.1/customer/form.html"): Navigate to 'http://127.0.0.1/customer/form.html' successfully

05-03-2024T12:15:12 - [MESSAGE][PASSED] - Navigate to 'http://127.0.0.1/customer/form.html' successfully

05-03-2024T12:15:12 - [TEST_STEP][PASSED] - setText(findTestObject("Object Repository/Page_Customer Detail Form/input_Customer Detail Form_first-name"), "johnjohn"): Text 'johnjohn' is set on object 'Object Repository/Page_Customer Detail Form/input_Customer Detail Form_first-name'

05-03-2024T12:15:12 - [MESSAGE][PASSED] - Text 'johnjohn' is set on object 'Object Repository/Page_Customer Detail Form/input_Customer Detail Form_first-name'

05-03-2024T12:15:12 - [TEST_STEP][PASSED] - setText(findTestObject("Object Repository/Page_Customer Detail Form/input_Customer Detail Form_last-name"), "canoncan"): Text 'canoncan' is set on object 'Object Repository/Page_Customer Detail Form/input_Customer Detail Form_last-name'

05-03-2024T12:15:13 - [MESSAGE][PASSED] - Text 'canoncan' is set on object 'Object Repository/Page_Customer Detail Form/input_Customer Detail Form_last-name'

05-03-2024T12:15:13 - [TEST_STEP][PASSED] - setText(findTestObject("Object Repository/Page_Customer Detail Form/input_Customer Detail Form_age"), "0"): Text '0' is set on object 'Object Repository/Page_Customer Detail Form/input_Customer Detail Form_age'

05-03-2024T12:15:13 - [MESSAGE][PASSED] - Text '0' is set on object 'Object Repository/Page_Customer Detail Form/input_Customer Detail Form_age'

05-03-2024T12:15:13 - [TEST_STEP][PASSED] - click(findTestObject("Object Repository/Page_Customer Detail Form/input_Customer Detail Form_sub")): Object: 'Object Repository/Page_Customer Detail Form/input_Customer Detail Form_sub' is clicked on

05-03-2024T12:15:14 - [MESSAGE][PASSED] - Object: 'Object Repository/Page_Customer Detail Form/input_Customer Detail Form_sub' is clicked on

05-03-2024T12:15:14 - [TEST_STEP][PASSED] - closeBrowser(): Browser is closed

05-03-2024T12:15:14 - [MESSAGE][PASSED] - Browser is closed]]></system-out>
         <system-err><![CDATA[]]></system-err>
      </testcase>
      <testcase name="Test Cases/TC11" time="2.778" classname="Test Cases/TC11" status="PASSED">
         <system-out><![CDATA[05-03-2024T12:15:14 - [TEST_CASE][PASSED] - Test Cases/TC11: Test Cases/TC11

05-03-2024T12:15:14 - [TEST_STEP][PASSED] - openBrowser(""): Browser is opened with url: ''

05-03-2024T12:15:14 - [MESSAGE][INFO] - Starting 'Chrome' driver

05-03-2024T12:15:14 - [MESSAGE][INFO] - Action delay is set to 0 milliseconds

05-03-2024T12:15:14 - [MESSAGE][PASSED] - Browser is opened with url: ''

05-03-2024T12:15:14 - [TEST_STEP][PASSED] - navigateToUrl("http://127.0.0.1/customer/form.html"): Navigate to 'http://127.0.0.1/customer/form.html' successfully

05-03-2024T12:15:14 - [MESSAGE][PASSED] - Navigate to 'http://127.0.0.1/customer/form.html' successfully

05-03-2024T12:15:14 - [TEST_STEP][PASSED] - setText(findTestObject("Object Repository/Page_Customer Detail Form/input_Customer Detail Form_first-name"), "johnjohn"): Text 'johnjohn' is set on object 'Object Repository/Page_Customer Detail Form/input_Customer Detail Form_first-name'

05-03-2024T12:15:15 - [MESSAGE][PASSED] - Text 'johnjohn' is set on object 'Object Repository/Page_Customer Detail Form/input_Customer Detail Form_first-name'

05-03-2024T12:15:15 - [TEST_STEP][PASSED] - setText(findTestObject("Object Repository/Page_Customer Detail Form/input_Customer Detail Form_last-name"), "canoncan"): Text 'canoncan' is set on object 'Object Repository/Page_Customer Detail Form/input_Customer Detail Form_last-name'

05-03-2024T12:15:16 - [MESSAGE][PASSED] - Text 'canoncan' is set on object 'Object Repository/Page_Customer Detail Form/input_Customer Detail Form_last-name'

05-03-2024T12:15:16 - [TEST_STEP][PASSED] - setText(findTestObject("Object Repository/Page_Customer Detail Form/input_Customer Detail Form_age"), "151"): Text '151' is set on object 'Object Repository/Page_Customer Detail Form/input_Customer Detail Form_age'

05-03-2024T12:15:16 - [MESSAGE][PASSED] - Text '151' is set on object 'Object Repository/Page_Customer Detail Form/input_Customer Detail Form_age'

05-03-2024T12:15:16 - [TEST_STEP][PASSED] - click(findTestObject("Object Repository/Page_Customer Detail Form/input_Customer Detail Form_sub")): Object: 'Object Repository/Page_Customer Detail Form/input_Customer Detail Form_sub' is clicked on

05-03-2024T12:15:16 - [MESSAGE][PASSED] - Object: 'Object Repository/Page_Customer Detail Form/input_Customer Detail Form_sub' is clicked on

05-03-2024T12:15:16 - [TEST_STEP][PASSED] - closeBrowser(): Browser is closed

05-03-2024T12:15:17 - [MESSAGE][PASSED] - Browser is closed]]></system-out>
         <system-err><![CDATA[]]></system-err>
      </testcase>
      <system-out><![CDATA[05-03-2024T12:14:50 - [TEST_SUITE][PASSED] - TCS01: Test Cases/TC11]]></system-out>
      <system-err><![CDATA[]]></system-err>
   </testsuite>
</testsuites>
